29/11/2020 02:31:38 devpinoyLogger Loading Config.properties file...
29/11/2020 02:31:38 devpinoyLogger Config.properties file loaded
29/11/2020 02:31:38 devpinoyLogger Loading XLS file...
29/11/2020 02:31:39 devpinoyLogger XLS files loaded
29/11/2020 02:31:48 devpinoyLogger Before navigating to: 'http://ec2-3-236-75-208.compute-1.amazonaws.com:9090'
29/11/2020 02:31:55 devpinoyLogger Navigated to:'http://ec2-3-236-75-208.compute-1.amazonaws.com:9090'
29/11/2020 02:31:55 devpinoyLogger Trying to find Element By : By.id: username
29/11/2020 02:31:55 devpinoyLogger Found Element By : By.id: username
29/11/2020 02:31:55 devpinoyLogger Trying to find Element By : By.id: password
29/11/2020 02:31:55 devpinoyLogger Found Element By : By.id: password
29/11/2020 02:31:55 devpinoyLogger Trying to find Element By : By.xpath: //button[contains(text(),'Login')]
29/11/2020 02:31:56 devpinoyLogger Found Element By : By.xpath: //button[contains(text(),'Login')]
29/11/2020 02:31:56 devpinoyLogger Trying to click on: [[ChromeDriver: chrome on WINDOWS (289f0f453b20360b10a7e7bb6b5b27ff)] -> xpath: //button[contains(text(),'Login')]]
29/11/2020 02:31:56 devpinoyLogger Clicked on: [[ChromeDriver: chrome on WINDOWS (289f0f453b20360b10a7e7bb6b5b27ff)] -> xpath: //button[contains(text(),'Login')]]
29/11/2020 02:31:56 devpinoyLogger Trying to find Element By : By.xpath: //ul[@id='zdp-menu']//descendant::div[contains(text(),'CONSUME')]
29/11/2020 02:31:58 devpinoyLogger Found Element By : By.xpath: //ul[@id='zdp-menu']//descendant::div[contains(text(),'CONSUME')]
29/11/2020 02:31:58 devpinoyLogger Trying to find Element By : By.xpath: //div[@class='submenu on-load']//descendant::span[contains(text(),'Manage Workflow')]
29/11/2020 02:31:58 devpinoyLogger Found Element By : By.xpath: //div[@class='submenu on-load']//descendant::span[contains(text(),'Manage Workflow')]
29/11/2020 02:31:58 devpinoyLogger Trying to find Element By : By.xpath: //div[@class='submenu on-load']//descendant::span[contains(text(),'Manage Workflow')]
29/11/2020 02:31:59 devpinoyLogger Found Element By : By.xpath: //div[@class='submenu on-load']//descendant::span[contains(text(),'Manage Workflow')]
29/11/2020 02:31:59 devpinoyLogger Trying to find Element By : By.xpath: //div[@class='submenu on-load']//descendant::span[contains(text(),'Manage Workflow')]
29/11/2020 02:31:59 devpinoyLogger Found Element By : By.xpath: //div[@class='submenu on-load']//descendant::span[contains(text(),'Manage Workflow')]
29/11/2020 02:31:59 devpinoyLogger Trying to click on: [[ChromeDriver: chrome on WINDOWS (289f0f453b20360b10a7e7bb6b5b27ff)] -> xpath: //div[@class='submenu on-load']//descendant::span[contains(text(),'Manage Workflow')]]
29/11/2020 02:31:59 devpinoyLogger Clicked on: [[ChromeDriver: chrome on WINDOWS (289f0f453b20360b10a7e7bb6b5b27ff)] -> xpath: //div[@class='submenu on-load']//descendant::span[contains(text(),'Manage Workflow')]]
29/11/2020 02:32:02 devpinoyLogger Trying to find Element By : By.xpath: //button[contains(text(),'WORKFLOW')]
29/11/2020 02:32:02 devpinoyLogger Found Element By : By.xpath: //button[contains(text(),'WORKFLOW')]
29/11/2020 02:32:02 devpinoyLogger Trying to click on: [[ChromeDriver: chrome on WINDOWS (289f0f453b20360b10a7e7bb6b5b27ff)] -> xpath: //button[contains(text(),'WORKFLOW')]]
29/11/2020 02:32:03 devpinoyLogger Clicked on: [[ChromeDriver: chrome on WINDOWS (289f0f453b20360b10a7e7bb6b5b27ff)] -> xpath: //button[contains(text(),'WORKFLOW')]]
29/11/2020 02:32:03 devpinoyLogger Trying to find Element By : By.xpath: //div[@class='controls-wrapper']//descendant::div[@class='control-element zi-popular']
29/11/2020 02:32:03 devpinoyLogger Found Element By : By.xpath: //div[@class='controls-wrapper']//descendant::div[@class='control-element zi-popular']
29/11/2020 02:32:03 devpinoyLogger Trying to find Element By : By.xpath: //div[contains(text(),'Shell')]
29/11/2020 02:32:05 devpinoyLogger Found Element By : By.xpath: //div[contains(text(),'Shell')]
29/11/2020 02:32:06 devpinoyLogger Trying to find Element By : By.xpath: //div[contains(text(),'Shell')]
29/11/2020 02:32:06 devpinoyLogger Found Element By : By.xpath: //div[contains(text(),'Shell')]
29/11/2020 02:32:07 devpinoyLogger Trying to find Element By : By.xpath: (//div[@class='sidebar-header'])[1]//descendant::div[@class='header-title']
29/11/2020 02:32:07 devpinoyLogger Found Element By : By.xpath: (//div[@class='sidebar-header'])[1]//descendant::div[@class='header-title']
29/11/2020 02:32:07 devpinoyLogger Action Name is=Shell Action
